###############################################################################
#                                                                             #
# IAR C/C++ Compiler V8.10.3.10338/W32 for 8051         20/Mar/2025  13:31:19 #
# Copyright 2004-2011 IAR Systems AB.                                         #
#                                                                             #
#    Core               =  plain                                              #
#    Code model         =  banked                                             #
#    Data model         =  large                                              #
#    Calling convention =  xdata reentrant                                    #
#    Constant location  =  data_rom                                           #
#    Dptr setup         =  1,16                                               #
#    Source file        =  C:\Users\÷‹ø≠\Desktop\202206100085_÷‹ø≠            #
#                          zigbee\π§≥Ã‘¥¬Î_÷‹ø≠\Projects\zstack\Samples\Sampl #
#                          eApp\Source\IIC.c                                  #
#    Command line       =  -f "C:\Users\÷‹ø≠\Desktop\202206100085_÷‹ø≠        #
#                          zigbee\π§≥Ã‘¥¬Î_÷‹ø≠\Projects\zstack\Samples\Sampl #
#                          eApp\CC2530DB\..\..\..\Tools\CC2530DB\f8wRouter.cf #
#                          g" (-DCPU32MHZ -DROOT=__near_func                  #
#                          -DMAC_CFG_APP_PENDING_QUEUE=TRUE                   #
#                          -DMAC_CFG_TX_DATA_MAX=5 -DMAC_CFG_TX_MAX=8         #
#                          -DMAC_CFG_RX_MAX=5 -DRTR_NWK) -f                   #
#                          "C:\Users\÷‹ø≠\Desktop\202206100085_÷‹ø≠           #
#                          zigbee\π§≥Ã‘¥¬Î_÷‹ø≠\Projects\zstack\Samples\Sampl #
#                          eApp\CC2530DB\..\..\..\Tools\CC2530DB\f8wConfig.cf #
#                          g" (-DZIGBEEPRO -DSECURE=0 -DZG_SECURE_DYNAMIC=0   #
#                          -DREFLECTOR -DDEFAULT_CHANLIST=0x00000800          #
#                          -DZDAPP_CONFIG_PAN_ID=0x0085                       #
#                          -DNWK_START_DELAY=100 -DEXTENDED_JOINING_RANDOM_MA #
#                          SK=0x007F -DBEACON_REQUEST_DELAY=100               #
#                          -DBEACON_REQ_DELAY_MASK=0x00FF                     #
#                          -DLINK_STATUS_JITTER_MASK=0x007F                   #
#                          -DROUTE_EXPIRY_TIME=30 -DAPSC_ACK_WAIT_DURATION_PO #
#                          LLED=3000 -DNWK_INDIRECT_MSG_TIMEOUT=7             #
#                          -DMAX_RREQ_ENTRIES=8 -DAPSC_MAX_FRAME_RETRIES=3    #
#                          -DNWK_MAX_DATA_RETRIES=2                           #
#                          -DMAX_POLL_FAILURE_RETRIES=2 -DMAX_BCAST=9         #
#                          -DAPS_MAX_GROUPS=16 -DMAX_RTG_ENTRIES=40           #
#                          -DNWK_MAX_BINDING_ENTRIES=4                        #
#                          -DMAX_BINDING_CLUSTER_IDS=4 "-DDEFAULT_KEY={0x01,  #
#                          0x03, 0x05, 0x07, 0x09, 0x0B, 0x0D, 0x0F, 0x00,    #
#                          0x02, 0x04, 0x06, 0x08, 0x0A, 0x0C, 0x0D}"         #
#                          -DMAC_MAX_FRAME_SIZE=116                           #
#                          -DZDNWKMGR_MIN_TRANSMISSIONS=20 "-DCONST=const     #
#                          __code" -DGENERIC=__generic                        #
#                          -DRFD_RCVC_ALWAYS_ON=FALSE -DPOLL_RATE=1000        #
#                          -DQUEUED_POLL_RATE=100 -DRESPONSE_POLL_RATE=100)   #
#                          -DREJOIN_POLL_RATE=440 "C:\Users\÷‹ø≠\Desktop\2022 #
#                          06100085_÷‹ø≠ zigbee\π§≥Ã‘¥¬Î_÷‹ø≠\Projects\zstack #
#                          \Samples\SampleApp\Source\IIC.c" -D ZTOOL_P1 -D    #
#                          xMT_TASK -D xMT_SYS_FUNC -D xMT_ZDO_FUNC -D        #
#                          xLCD_SUPPORTED=DEBUG -lC                           #
#                          "C:\Users\÷‹ø≠\Desktop\202206100085_÷‹ø≠           #
#                          zigbee\π§≥Ã‘¥¬Î_÷‹ø≠\Projects\zstack\Samples\Sampl #
#                          eApp\CC2530DB\RouterEB\List\" -lA                  #
#                          "C:\Users\÷‹ø≠\Desktop\202206100085_÷‹ø≠           #
#                          zigbee\π§≥Ã‘¥¬Î_÷‹ø≠\Projects\zstack\Samples\Sampl #
#                          eApp\CC2530DB\RouterEB\List\" --diag_suppress      #
#                          Pe001,Pa010 -o "C:\Users\÷‹ø≠\Desktop\202206100085 #
#                          _÷‹ø≠ zigbee\π§≥Ã‘¥¬Î_÷‹ø≠\Projects\zstack\Samples #
#                          \SampleApp\CC2530DB\RouterEB\Obj\" -e              #
#                          --no_code_motion --debug --core=plain --dptr=16,1  #
#                          --data_model=large --code_model=banked             #
#                          --calling_convention=xdata_reentrant               #
#                          --place_constants=data_rom --nr_virtual_regs 16    #
#                          -I "C:\Users\÷‹ø≠\Desktop\202206100085_÷‹ø≠        #
#                          zigbee\π§≥Ã‘¥¬Î_÷‹ø≠\Projects\zstack\Samples\Sampl #
#                          eApp\CC2530DB\" -I "C:\Users\÷‹ø≠\Desktop\20220610 #
#                          0085_÷‹ø≠ zigbee\π§≥Ã‘¥¬Î_÷‹ø≠\Projects\zstack\Sam #
#                          ples\SampleApp\CC2530DB\..\Source\" -I             #
#                          "C:\Users\÷‹ø≠\Desktop\202206100085_÷‹ø≠           #
#                          zigbee\π§≥Ã‘¥¬Î_÷‹ø≠\Projects\zstack\Samples\Sampl #
#                          eApp\CC2530DB\..\..\..\ZMain\TI2530DB\" -I         #
#                          "C:\Users\÷‹ø≠\Desktop\202206100085_÷‹ø≠           #
#                          zigbee\π§≥Ã‘¥¬Î_÷‹ø≠\Projects\zstack\Samples\Sampl #
#                          eApp\CC2530DB\..\..\..\..\..\Components\hal\includ #
#                          e\" -I "C:\Users\÷‹ø≠\Desktop\202206100085_÷‹ø≠    #
#                          zigbee\π§≥Ã‘¥¬Î_÷‹ø≠\Projects\zstack\Samples\Sampl #
#                          eApp\CC2530DB\..\..\..\..\..\Components\hal\target #
#                          \CC2530EB\" -I "C:\Users\÷‹ø≠\Desktop\202206100085 #
#                          _÷‹ø≠ zigbee\π§≥Ã‘¥¬Î_÷‹ø≠\Projects\zstack\Samples #
#                          \SampleApp\CC2530DB\..\..\..\..\..\Components\mac\ #
#                          include\" -I "C:\Users\÷‹ø≠\Desktop\202206100085_÷ #
#                          ‹ø≠ zigbee\π§≥Ã‘¥¬Î_÷‹ø≠\Projects\zstack\Samples\S #
#                          ampleApp\CC2530DB\..\..\..\..\..\Components\mac\hi #
#                          gh_level\" -I "C:\Users\÷‹ø≠\Desktop\202206100085_ #
#                          ÷‹ø≠ zigbee\π§≥Ã‘¥¬Î_÷‹ø≠\Projects\zstack\Samples\ #
#                          SampleApp\CC2530DB\..\..\..\..\..\Components\mac\l #
#                          ow_level\srf04\" -I "C:\Users\÷‹ø≠\Desktop\2022061 #
#                          00085_÷‹ø≠ zigbee\π§≥Ã‘¥¬Î_÷‹ø≠\Projects\zstack\Sa #
#                          mples\SampleApp\CC2530DB\..\..\..\..\..\Components #
#                          \mac\low_level\srf04\single_chip\" -I              #
#                          "C:\Users\÷‹ø≠\Desktop\202206100085_÷‹ø≠           #
#                          zigbee\π§≥Ã‘¥¬Î_÷‹ø≠\Projects\zstack\Samples\Sampl #
#                          eApp\CC2530DB\..\..\..\..\..\Components\mt\" -I    #
#                          "C:\Users\÷‹ø≠\Desktop\202206100085_÷‹ø≠           #
#                          zigbee\π§≥Ã‘¥¬Î_÷‹ø≠\Projects\zstack\Samples\Sampl #
#                          eApp\CC2530DB\..\..\..\..\..\Components\osal\inclu #
#                          de\" -I "C:\Users\÷‹ø≠\Desktop\202206100085_÷‹ø≠   #
#                          zigbee\π§≥Ã‘¥¬Î_÷‹ø≠\Projects\zstack\Samples\Sampl #
#                          eApp\CC2530DB\..\..\..\..\..\Components\services\s #
#                          addr\" -I "C:\Users\÷‹ø≠\Desktop\202206100085_÷‹ø≠ #
#                           zigbee\π§≥Ã‘¥¬Î_÷‹ø≠\Projects\zstack\Samples\Samp #
#                          leApp\CC2530DB\..\..\..\..\..\Components\services\ #
#                          sdata\" -I "C:\Users\÷‹ø≠\Desktop\202206100085_÷‹ø #
#                          ≠ zigbee\π§≥Ã‘¥¬Î_÷‹ø≠\Projects\zstack\Samples\Sam #
#                          pleApp\CC2530DB\..\..\..\..\..\Components\stack\af #
#                          \" -I "C:\Users\÷‹ø≠\Desktop\202206100085_÷‹ø≠     #
#                          zigbee\π§≥Ã‘¥¬Î_÷‹ø≠\Projects\zstack\Samples\Sampl #
#                          eApp\CC2530DB\..\..\..\..\..\Components\stack\nwk\ #
#                          " -I "C:\Users\÷‹ø≠\Desktop\202206100085_÷‹ø≠      #
#                          zigbee\π§≥Ã‘¥¬Î_÷‹ø≠\Projects\zstack\Samples\Sampl #
#                          eApp\CC2530DB\..\..\..\..\..\Components\stack\sapi #
#                          \" -I "C:\Users\÷‹ø≠\Desktop\202206100085_÷‹ø≠     #
#                          zigbee\π§≥Ã‘¥¬Î_÷‹ø≠\Projects\zstack\Samples\Sampl #
#                          eApp\CC2530DB\..\..\..\..\..\Components\stack\sec\ #
#                          " -I "C:\Users\÷‹ø≠\Desktop\202206100085_÷‹ø≠      #
#                          zigbee\π§≥Ã‘¥¬Î_÷‹ø≠\Projects\zstack\Samples\Sampl #
#                          eApp\CC2530DB\..\..\..\..\..\Components\stack\sys\ #
#                          " -I "C:\Users\÷‹ø≠\Desktop\202206100085_÷‹ø≠      #
#                          zigbee\π§≥Ã‘¥¬Î_÷‹ø≠\Projects\zstack\Samples\Sampl #
#                          eApp\CC2530DB\..\..\..\..\..\Components\stack\zdo\ #
#                          " -I "C:\Users\÷‹ø≠\Desktop\202206100085_÷‹ø≠      #
#                          zigbee\π§≥Ã‘¥¬Î_÷‹ø≠\Projects\zstack\Samples\Sampl #
#                          eApp\CC2530DB\..\..\..\..\..\Components\zmac\" -I  #
#                          "C:\Users\÷‹ø≠\Desktop\202206100085_÷‹ø≠           #
#                          zigbee\π§≥Ã‘¥¬Î_÷‹ø≠\Projects\zstack\Samples\Sampl #
#                          eApp\CC2530DB\..\..\..\..\..\Components\zmac\f8w\" #
#                           -Ohz --require_prototypes                         #
#    List file          =  C:\Users\÷‹ø≠\Desktop\202206100085_÷‹ø≠            #
#                          zigbee\π§≥Ã‘¥¬Î_÷‹ø≠\Projects\zstack\Samples\Sampl #
#                          eApp\CC2530DB\RouterEB\List\IIC.lst                #
#    Object file        =  C:\Users\÷‹ø≠\Desktop\202206100085_÷‹ø≠            #
#                          zigbee\π§≥Ã‘¥¬Î_÷‹ø≠\Projects\zstack\Samples\Sampl #
#                          eApp\CC2530DB\RouterEB\Obj\IIC.r51                 #
#                                                                             #
#                                                                             #
###############################################################################

C:\Users\÷‹ø≠\Desktop\202206100085_÷‹ø≠ zigbee\π§≥Ã‘¥¬Î_÷‹ø≠\Projects\zstack\Samples\SampleApp\Source\IIC.c
      1          
      2          /**********************************************
      3          //IIC Start
      4          **********************************************/
      5          #define high 1
      6          #define low 0 
      7          #define SCL=P1_2;
                            ^
Warning[Pe1649]: white space is required between the macro name "SCL" and its
          replacement text
      8          #define SDA=P1_3;
                            ^
Warning[Pe1649]: white space is required between the macro name "SDA" and its
          replacement text
      9          
     10          void Initial_M096128x64_ssd1306();
     11          void fill_picture(unsigned char fill_Data);
     12          void IIC_Start();
     13          void IIC_Stop();
     14          void Write_IIC_Command(unsigned char IIC_Command);
     15          void Write_IIC_Data(unsigned char IIC_Data);
     16          void Write_IIC_Byte(unsigned char IIC_Byte);
     17          
     18          void IIC_Start()
                      ^
Error[Pa045]: function "IIC_Start" has no prototype
     19          {
     20             SCL = high;		
                    ^
Error[Pe029]: expected an expression

     SCL = high;		
         ^
"C:\Users\÷‹ø≠\Desktop\202206100085_÷‹ø≠ zigbee\π§≥Ã‘¥¬Î_÷‹ø≠\Projects\zstack\Samples\SampleApp\Source\IIC.c",20  Error[Pe029]: 
          expected an expression
     21             SDA = high;
                    ^
Error[Pe029]: expected an expression

     SDA = high;
         ^
"C:\Users\÷‹ø≠\Desktop\202206100085_÷‹ø≠ zigbee\π§≥Ã‘¥¬Î_÷‹ø≠\Projects\zstack\Samples\SampleApp\Source\IIC.c",21  Error[Pe029]: 
          expected an expression
     22             SDA = low;
                    ^
Error[Pe029]: expected an expression

     SDA = low;
         ^
"C:\Users\÷‹ø≠\Desktop\202206100085_÷‹ø≠ zigbee\π§≥Ã‘¥¬Î_÷‹ø≠\Projects\zstack\Samples\SampleApp\Source\IIC.c",22  Error[Pe029]: 
          expected an expression
     23             SCL = low;
                    ^
Error[Pe029]: expected an expression

     SCL = low;
         ^
"C:\Users\÷‹ø≠\Desktop\202206100085_÷‹ø≠ zigbee\π§≥Ã‘¥¬Î_÷‹ø≠\Projects\zstack\Samples\SampleApp\Source\IIC.c",23  Error[Pe029]: 
          expected an expression
     24          }
     25          
     26          /**********************************************
     27          //IIC Stop
     28          **********************************************/
     29          void IIC_Stop()
                      ^
Error[Pa045]: function "IIC_Stop" has no prototype
     30          {
     31             SCL = low;
                    ^
Error[Pe029]: expected an expression

     SCL = low;
         ^
"C:\Users\÷‹ø≠\Desktop\202206100085_÷‹ø≠ zigbee\π§≥Ã‘¥¬Î_÷‹ø≠\Projects\zstack\Samples\SampleApp\Source\IIC.c",31  Error[Pe029]: 
          expected an expression
     32             SDA = low;
                    ^
Error[Pe029]: expected an expression

     SDA = low;
         ^
"C:\Users\÷‹ø≠\Desktop\202206100085_÷‹ø≠ zigbee\π§≥Ã‘¥¬Î_÷‹ø≠\Projects\zstack\Samples\SampleApp\Source\IIC.c",32  Error[Pe029]: 
          expected an expression
     33             SCL = high;
                    ^
Error[Pe029]: expected an expression

     SCL = high;
         ^
"C:\Users\÷‹ø≠\Desktop\202206100085_÷‹ø≠ zigbee\π§≥Ã‘¥¬Î_÷‹ø≠\Projects\zstack\Samples\SampleApp\Source\IIC.c",33  Error[Pe029]: 
          expected an expression
     34             SDA = high;
                    ^
Error[Pe029]: expected an expression

     SDA = high;
         ^
"C:\Users\÷‹ø≠\Desktop\202206100085_÷‹ø≠ zigbee\π§≥Ã‘¥¬Î_÷‹ø≠\Projects\zstack\Samples\SampleApp\Source\IIC.c",34  Error[Pe029]: 
          expected an expression
     35          }
     36          /**********************************************
     37          // IIC Write byte
     38          **********************************************/
     39          void Write_IIC_Byte(unsigned char IIC_Byte)
     40          {
     41          	unsigned char i;
     42          	for(i=0;i<8;i++)		
     43          	{
     44          		if(IIC_Byte & 0x80)
     45          		SDA=high;
                 		^
Error[Pe029]: expected an expression

  		SDA=high;
  		   ^
"C:\Users\÷‹ø≠\Desktop\202206100085_÷‹ø≠ zigbee\π§≥Ã‘¥¬Î_÷‹ø≠\Projects\zstack\Samples\SampleApp\Source\IIC.c",45  Error[Pe029]: 
          expected an expression
     46          		else
                 		^
Error[Pe127]: expected a statement
     47          		SDA=low;
                 		   ^
Error[Pe029]: expected an expression
     48          		SCL=high;
                 		^
Error[Pe029]: expected an expression

  		SCL=high;
  		   ^
"C:\Users\÷‹ø≠\Desktop\202206100085_÷‹ø≠ zigbee\π§≥Ã‘¥¬Î_÷‹ø≠\Projects\zstack\Samples\SampleApp\Source\IIC.c",48  Error[Pe029]: 
          expected an expression
     49          		SCL=low;
                 		^
Error[Pe029]: expected an expression

  		SCL=low;
  		   ^
"C:\Users\÷‹ø≠\Desktop\202206100085_÷‹ø≠ zigbee\π§≥Ã‘¥¬Î_÷‹ø≠\Projects\zstack\Samples\SampleApp\Source\IIC.c",49  Error[Pe029]: 
          expected an expression
     50          		IIC_Byte<<=1;
     51          	}
     52          	SDA=1;
                 	^
Error[Pe029]: expected an expression

  	SDA=1;
  	   ^
"C:\Users\÷‹ø≠\Desktop\202206100085_÷‹ø≠ zigbee\π§≥Ã‘¥¬Î_÷‹ø≠\Projects\zstack\Samples\SampleApp\Source\IIC.c",52  Error[Pe029]: 
          expected an expression
     53          	SCL=1;
                 	^
Error[Pe029]: expected an expression

  	SCL=1;
  	   ^
"C:\Users\÷‹ø≠\Desktop\202206100085_÷‹ø≠ zigbee\π§≥Ã‘¥¬Î_÷‹ø≠\Projects\zstack\Samples\SampleApp\Source\IIC.c",53  Error[Pe029]: 
          expected an expression
     54          	SCL=0;
                 	^
Error[Pe029]: expected an expression

  	SCL=0;
  	   ^
"C:\Users\÷‹ø≠\Desktop\202206100085_÷‹ø≠ zigbee\π§≥Ã‘¥¬Î_÷‹ø≠\Projects\zstack\Samples\SampleApp\Source\IIC.c",54  Error[Pe029]: 
          expected an expression
     55          }
     56          /**********************************************
     57          // IIC Write Command
     58          **********************************************/
     59          void Write_IIC_Command(unsigned char IIC_Command)
     60          {
     61             IIC_Start();
                    ^
Error[Pa045]: function "IIC_Start" has no prototype
     62             Write_IIC_Byte(0x78);            //Slave address,SA0=0
     63             Write_IIC_Byte(0x00);			//write command
     64             Write_IIC_Byte(IIC_Command); 
     65             IIC_Stop();
                    ^
Error[Pa045]: function "IIC_Stop" has no prototype
     66          }
     67          /**********************************************
     68          // IIC Write Data
     69          **********************************************/
     70          void Write_IIC_Data(unsigned char IIC_Data)
     71          {
     72             IIC_Start();
     73             Write_IIC_Byte(0x78);			//D/C#=0; R/W#=0
     74             Write_IIC_Byte(0x40);			//write data
     75             Write_IIC_Byte(IIC_Data);
     76             IIC_Stop();
     77          }
     78          /********************************************
     79          // fill_Picture
     80          ********************************************/
     81          void fill_picture(unsigned char fill_Data)
     82          {
     83          	unsigned char m,n;
     84          	for(m=0;m<8;m++)
     85          	{
     86          		Write_IIC_Command(0xb0+m);		//page0-page1
     87          		Write_IIC_Command(0x00);		//low column start address
     88          		Write_IIC_Command(0x10);		//high column start address
     89          		for(n=0;n<132;n++)
     90          			{
     91          				Write_IIC_Data(fill_Data);
     92          			}
     93          	}
     94          }
     95          
     96          void Initial_M096128x64_ssd1306()
                      ^
Error[Pa045]: function "Initial_M096128x64_ssd1306" has no prototype
     97          {
     98          	Write_IIC_Command(0xAE);   //display off
     99          	Write_IIC_Command(0x20);	//Set Memory Addressing Mode	
    100          	Write_IIC_Command(0x10);	//00,Horizontal Addressing Mode;01,Vertical Addressing Mode;10,Page Addressing Mode (RESET);11,Invalid
    101          	Write_IIC_Command(0xb0);	//Set Page Start Address for Page Addressing Mode,0-7
    102          	Write_IIC_Command(0xc8);	//Set COM Output Scan Direction
    103          	Write_IIC_Command(0x00);//---set low column address
    104          	Write_IIC_Command(0x10);//---set high column address
    105          	Write_IIC_Command(0x40);//--set start line address
    106          	Write_IIC_Command(0x81);//--set contrast control register
    107          	Write_IIC_Command(0xdf);
    108          	Write_IIC_Command(0xa1);//--set segment re-map 0 to 127
    109          	Write_IIC_Command(0xa6);//--set normal display
    110          	Write_IIC_Command(0xa8);//--set multiplex ratio(1 to 64)
    111          	Write_IIC_Command(0x3F);//
    112          	Write_IIC_Command(0xa4);//0xa4,Output follows RAM content;0xa5,Output ignores RAM content
    113          	Write_IIC_Command(0xd3);//-set display offset
    114          	Write_IIC_Command(0x00);//-not offset
    115          	Write_IIC_Command(0xd5);//--set display clock divide ratio/oscillator frequency
    116          	Write_IIC_Command(0xf0);//--set divide ratio
    117          	Write_IIC_Command(0xd9);//--set pre-charge period
    118          	Write_IIC_Command(0x22); //
    119          	Write_IIC_Command(0xda);//--set com pins hardware configuration
    120          	Write_IIC_Command(0x12);
    121          	Write_IIC_Command(0xdb);//--set vcomh
    122          	Write_IIC_Command(0x20);//0x20,0.77xVcc
    123          	Write_IIC_Command(0x8d);//--set DC-DC enable
    124          	Write_IIC_Command(0x14);//
    125          	Write_IIC_Command(0xaf);//--turn on oled panel 
    126          }

Errors: 35
Warnings: 2
